<?xml version="1.0" encoding="UTF-8"?>
<!-- Generated by org.testng.reporters.JUnitXMLReporter -->
<testsuite ignored="0" hostname="DESKTOP-QM44KM9" failures="0" tests="2" name="Default test" time="0.767" errors="0" timestamp="18 Nov 2020 11:48:30 GMT">
  <testcase classname="org.com.test.Testrunner" name="feature" time="0.293">
    <skipped/>
  </testcase> <!-- feature -->
  <testcase classname="org.com.test.Testrunner" name="feature" time="0.024">
    <skipped/>
  </testcase> <!-- feature -->
</testsuite> <!-- Default test -->
