<?xml version="1.0" encoding="UTF-8"?>
<!-- Generated by org.testng.reporters.JUnitXMLReporter -->
<testsuite ignored="0" hostname="DESKTOP-QM44KM9" failures="1" tests="2" name="Test" time="64.949" errors="0" timestamp="19 Nov 2020 12:49:09 GMT">
  <testcase classname="org.com.test.Testrunner" name="feature" time="21.103"/>
  <testcase classname="org.com.test.Testrunner" name="feature" time="40.978">
    <failure type="java.lang.AssertionError" message="expected [Your Account Has Been Created!] but found [Register Account]">
      <![CDATA[java.lang.AssertionError: expected [Your Account Has Been Created!] but found [Register Account]
at Step_defs.Stepdefs.user_is_on_the_account_confirmation_page(Stepdefs.java:67)
at ✽.User is on the Account confirmation page(./Features/first.feature:16)
... Removed 6 stack frames]]>
    </failure>
  </testcase> <!-- feature -->
</testsuite> <!-- Test -->
