<?xml version="1.0" encoding="UTF-8"?>
<!-- Generated by org.testng.reporters.JUnitXMLReporter -->
<testsuite hostname="DESKTOP-QM44KM9" ignored="0" name="Test" tests="3" failures="0" timestamp="30 Nov 2020 04:49:16 GMT" time="159.499" errors="0">
  <testcase name="feature" time="33.247" classname="org.com.test.Testrunner"/>
  <testcase name="feature" time="61.282" classname="org.com.test.Testrunner"/>
  <testcase name="feature" time="53.859" classname="org.com.test.Testrunnerlogin"/>
</testsuite> <!-- Test -->
