<?xml version="1.0" encoding="UTF-8"?>
<testng-results ignored="0" total="2" passed="1" failed="1" skipped="0">
  <reporter-output>
  </reporter-output>
  <suite started-at="2020-11-19T12:48:04Z" name="Suite" finished-at="2020-11-19T12:49:09Z" duration-ms="64949">
    <groups>
    </groups>
    <test started-at="2020-11-19T12:48:04Z" name="Test" finished-at="2020-11-19T12:49:09Z" duration-ms="64949">
      <class name="org.com.test.Testrunner">
        <test-method is-config="true" signature="setUpClass()[pri:0, instance:org.com.test.Testrunner@768fc0f2]" started-at="2020-11-19T12:48:04Z" name="setUpClass" finished-at="2020-11-19T12:48:05Z" duration-ms="195" status="PASS">
          <reporter-output>
          </reporter-output>
        </test-method> <!-- setUpClass -->
        <test-method signature="feature(cucumber.api.testng.PickleEventWrapper, cucumber.api.testng.CucumberFeatureWrapper)[pri:0, instance:org.com.test.Testrunner@768fc0f2]" started-at="2020-11-19T12:48:05Z" name="feature" data-provider="features" finished-at="2020-11-19T12:48:26Z" duration-ms="21103" status="PASS">
          <params>
            <param index="0">
              <value>
                <![CDATA["To Verify Ninja page is displayed"]]>
              </value>
            </param>
            <param index="1">
              <value>
                <![CDATA["Tutorials Ninja Page Check"]]>
              </value>
            </param>
          </params>
          <reporter-output>
          </reporter-output>
        </test-method> <!-- feature -->
        <test-method signature="feature(cucumber.api.testng.PickleEventWrapper, cucumber.api.testng.CucumberFeatureWrapper)[pri:0, instance:org.com.test.Testrunner@768fc0f2]" started-at="2020-11-19T12:48:27Z" name="feature" data-provider="features" finished-at="2020-11-19T12:49:08Z" duration-ms="40978" status="FAIL">
          <params>
            <param index="0">
              <value>
                <![CDATA["To Register user"]]>
              </value>
            </param>
            <param index="1">
              <value>
                <![CDATA["Tutorials Ninja Page Check"]]>
              </value>
            </param>
          </params>
          <exception class="java.lang.AssertionError">
            <message>
              <![CDATA[expected [Your Account Has Been Created!] but found [Register Account]]]>
            </message>
            <full-stacktrace>
              <![CDATA[java.lang.AssertionError: expected [Your Account Has Been Created!] but found [Register Account]
at org.testng.Assert.fail(Assert.java:96)
at org.testng.Assert.failNotEquals(Assert.java:776)
at org.testng.Assert.assertEqualsImpl(Assert.java:137)
at org.testng.Assert.assertEquals(Assert.java:118)
at org.testng.Assert.assertEquals(Assert.java:453)
at org.testng.Assert.assertEquals(Assert.java:463)
at Step_defs.Stepdefs.user_is_on_the_account_confirmation_page(Stepdefs.java:67)
at ✽.User is on the Account confirmation page(./Features/first.feature:16)
]]>
            </full-stacktrace>
          </exception> <!-- java.lang.AssertionError -->
          <reporter-output>
          </reporter-output>
        </test-method> <!-- feature -->
        <test-method is-config="true" signature="tearDownClass()[pri:0, instance:org.com.test.Testrunner@768fc0f2]" started-at="2020-11-19T12:49:09Z" name="tearDownClass" finished-at="2020-11-19T12:49:09Z" duration-ms="70" status="PASS">
          <reporter-output>
          </reporter-output>
        </test-method> <!-- tearDownClass -->
      </class> <!-- org.com.test.Testrunner -->
    </test> <!-- Test -->
  </suite> <!-- Suite -->
</testng-results>
